0 info it worked if it ends with ok
1 verbose cli [ '/usr/local/bin/node', '/usr/local/bin/npm', 'publish' ]
2 info using npm@3.10.10
3 info using node@v6.10.0
4 verbose publish [ '.' ]
5 silly cache add args [ '.', null ]
6 verbose cache add spec .
7 silly cache add parsed spec Result {
7 silly cache add   raw: '.',
7 silly cache add   scope: null,
7 silly cache add   escapedName: null,
7 silly cache add   name: null,
7 silly cache add   rawSpec: '.',
7 silly cache add   spec: '/Users/sharnwhite/Development/voxel-dummy-player',
7 silly cache add   type: 'directory' }
8 verbose addLocalDirectory /Users/sharnwhite/.npm/voxel-dummy-player/0.1.0/package.tgz not in flight; packing
9 verbose correctMkdir /Users/sharnwhite/.npm correctMkdir not in flight; initializing
10 info lifecycle voxel-dummy-player@0.1.0~prepublish: voxel-dummy-player@0.1.0
11 silly lifecycle voxel-dummy-player@0.1.0~prepublish: no script for prepublish, continuing
12 verbose tar pack [ '/Users/sharnwhite/.npm/voxel-dummy-player/0.1.0/package.tgz',
12 verbose tar pack   '/Users/sharnwhite/Development/voxel-dummy-player' ]
13 verbose tarball /Users/sharnwhite/.npm/voxel-dummy-player/0.1.0/package.tgz
14 verbose folder /Users/sharnwhite/Development/voxel-dummy-player
15 verbose addLocalTarball adding from inside cache /Users/sharnwhite/.npm/voxel-dummy-player/0.1.0/package.tgz
16 verbose correctMkdir /Users/sharnwhite/.npm correctMkdir not in flight; initializing
17 silly cache afterAdd voxel-dummy-player@0.1.0
18 verbose afterAdd /Users/sharnwhite/.npm/voxel-dummy-player/0.1.0/package/package.json not in flight; writing
19 verbose correctMkdir /Users/sharnwhite/.npm correctMkdir not in flight; initializing
20 verbose afterAdd /Users/sharnwhite/.npm/voxel-dummy-player/0.1.0/package/package.json written
21 silly publish { name: 'voxel-dummy-player',
21 silly publish   license: 'MIT',
21 silly publish   main: 'index.js',
21 silly publish   dependencies: { 'minecraft-skin': '~0.1.0' },
21 silly publish   devDependencies:
21 silly publish    { voxel: '~0.1.3',
21 silly publish      'voxel-engine': '~0.6.0',
21 silly publish      'voxel-hello-world': '^0.6.0',
21 silly publish      'voxel-player': '^0.1.0' },
21 silly publish   readmeFilename: 'readme.markdown',
21 silly publish   repository:
21 silly publish    { type: 'git',
21 silly publish      url: 'git://github.com/sharnw/voxel-dummy-player.git' },
21 silly publish   version: '0.1.0',
21 silly publish   readme: '# voxel-dummy-player\n\nBased on substack\'s voxel-player module (https://github.com/substack/voxel-player).\n\nCreate a dummy player object which can be manipulated by API methods.\n\n# example\n\n``` js\nvar createGame = require(\'voxel-hello-world\');\nvar game = createGame();\n\nvar createDummy = require(\'./\')(game);\nvar dummy1 = createDummy(\'skin1.png\');\ndummy1.yaw.position.set(0,2,-2);\n\nvar createPlayer = require(\'voxel-player\')(game);\nvar player = createPlayer(\'skin1.png\');\nplayer.position.set(0,2,0);\nplayer.possess();\n\ndummy1.faceTowards(player);\n\nwindow.addEventListener(\'keydown\', function (ev) {\n    if (ev.keyCode === \'R\'.charCodeAt(0)) {\n        player.toggle();\n    }\n    if (ev.keyCode === \'F\'.charCodeAt(0)) {\n        dummy1.faceTowards(player);\n    }\n    if (ev.keyCode === \'J\'.charCodeAt(0)) {\n        dummy1.jump(0.3);\n    }\n});\n```\n\n# methods\n\n``` js\nvar voxelDummy = require(\'voxel-dummy-player\')\n```\n\n## var createDummy = voxelDummy(game)\n\nReturn a function `createDummy` from a\n[voxel-engine](https://github.com/maxogden/voxel-engine) `game` instance.\n\n## var dummy = createDummy(img)\n\nReturn a new dummy from a image file src string `img`.\n\n## dummy.position.set(x, y, z)\n\nSet the dummy position.\n\n## dummy.subjectTo(forceVector)\n\nSubject the dummy to a force of gravity or some such. The default value is\na THREE.Vector3 with `{ x: 0, y: -0.00009, z: 0 }`.\n\n## dummy.move(x, y, z) or dummy.move(vec)\n\nMove a relative amount with `(x, y, z)` or a THREE.Vector3 `vec`.\n\n## dummy.moveTo(x, y, z) or dummy.move(pos)\n\nMove to an absolute position with `(x, y, z)` or a THREE.Vector3 `pos`.\n\n## dummy.rotate(x, y, z) or dummy.rotate(vec)\n\nRotate body a relative amount with `(x, y, z)` or a THREE.Vector3 `vec`.\n\n## dummy.rotateTo(x, y, z) or dummy.rotateTo(pos)\n\nRotate body to an absolute position with `(x, y, z)` or a THREE.Vector3 `pos`.\n\n## dummy.faceTowards(obj)\n\nRotate dummy to face towards object position.\n\n## dummy.rotateHead(x, y, z) or dummy.rotate(vec)\n\nRotate head a relative amount with `(x, y, z)` or a THREE.Vector3 `vec`.\n\n## dummy.rotateHeadTo(x, y, z) or dummy.rotateTo(pos)\n\nRotate head to an absolute position with `(x, y, z)` or a THREE.Vector3 `pos`.\n\n## dummy.lookAt(obj)\n\nRotate dummy head to look at object position.\n\n## dummy.jump(y)\n\nMake dummy jump by height of y.\n\n# license\n\nMIT\n\n# install\n\nWith [npm](https://npmjs.org) do:\n\n```\nnpm install voxel-dummy-player\n```\n\n# BUGS\n\nIf created after player it auto-possesses the dummy. Not sure why, but feel free to help out :)\n',
21 silly publish   gitHead: '780106bb933ffeb27ac30745d146cab34e3afa78',
21 silly publish   description: 'Based on substack\'s voxel-player module (https://github.com/substack/voxel-player).',
21 silly publish   bugs: { url: 'https://github.com/sharnw/voxel-dummy-player/issues' },
21 silly publish   homepage: 'https://github.com/sharnw/voxel-dummy-player#readme',
21 silly publish   _id: 'voxel-dummy-player@0.1.0',
21 silly publish   scripts: {},
21 silly publish   _shasum: '61418af5e93eb6a07933b2747eca18207efe5f43',
21 silly publish   _from: '.' }
22 verbose getPublishConfig undefined
23 silly mapToRegistry name voxel-dummy-player
24 silly mapToRegistry using default registry
25 silly mapToRegistry registry https://registry.npmjs.org/
26 silly mapToRegistry data Result {
26 silly mapToRegistry   raw: 'voxel-dummy-player',
26 silly mapToRegistry   scope: null,
26 silly mapToRegistry   escapedName: 'voxel-dummy-player',
26 silly mapToRegistry   name: 'voxel-dummy-player',
26 silly mapToRegistry   rawSpec: '',
26 silly mapToRegistry   spec: 'latest',
26 silly mapToRegistry   type: 'tag' }
27 silly mapToRegistry uri https://registry.npmjs.org/voxel-dummy-player
28 verbose publish registryBase https://registry.npmjs.org/
29 silly publish uploading /Users/sharnwhite/.npm/voxel-dummy-player/0.1.0/package.tgz
30 verbose request uri https://registry.npmjs.org/voxel-dummy-player
31 verbose request sending authorization for write operation
32 info attempt registry request try #1 at 5:15:06 PM
33 verbose request using bearer token for auth
34 verbose request id f97a3f05def93505
35 http request PUT https://registry.npmjs.org/voxel-dummy-player
36 http 403 https://registry.npmjs.org/voxel-dummy-player
37 verbose headers { 'content-type': 'application/json',
37 verbose headers   'cache-control': 'max-age=300',
37 verbose headers   'content-length': '95',
37 verbose headers   'accept-ranges': 'bytes',
37 verbose headers   date: 'Mon, 27 Mar 2017 07:15:06 GMT',
37 verbose headers   via: '1.1 varnish',
37 verbose headers   connection: 'keep-alive',
37 verbose headers   'x-served-by': 'cache-bne7722-BNE',
37 verbose headers   'x-cache': 'MISS',
37 verbose headers   'x-cache-hits': '0',
37 verbose headers   'x-timer': 'S1490598905.542113,VS0,VE761',
37 verbose headers   vary: 'Accept-Encoding' }
38 verbose request invalidating /Users/sharnwhite/.npm/registry.npmjs.org/voxel-dummy-player on PUT
39 error publish Failed PUT 403
40 verbose stack Error: "You cannot publish over the previously published version 0.1.0." : voxel-dummy-player
40 verbose stack     at makeError (/usr/local/lib/node_modules/npm/node_modules/npm-registry-client/lib/request.js:302:12)
40 verbose stack     at CachingRegistryClient.<anonymous> (/usr/local/lib/node_modules/npm/node_modules/npm-registry-client/lib/request.js:290:14)
40 verbose stack     at Request._callback (/usr/local/lib/node_modules/npm/node_modules/npm-registry-client/lib/request.js:210:14)
40 verbose stack     at Request.self.callback (/usr/local/lib/node_modules/npm/node_modules/request/request.js:187:22)
40 verbose stack     at emitTwo (events.js:106:13)
40 verbose stack     at Request.emit (events.js:191:7)
40 verbose stack     at Request.<anonymous> (/usr/local/lib/node_modules/npm/node_modules/request/request.js:1048:10)
40 verbose stack     at emitOne (events.js:96:13)
40 verbose stack     at Request.emit (events.js:188:7)
40 verbose stack     at IncomingMessage.<anonymous> (/usr/local/lib/node_modules/npm/node_modules/request/request.js:969:12)
41 verbose statusCode 403
42 verbose pkgid voxel-dummy-player
43 verbose cwd /Users/sharnwhite/Development/voxel-dummy-player
44 error Darwin 16.4.0
45 error argv "/usr/local/bin/node" "/usr/local/bin/npm" "publish"
46 error node v6.10.0
47 error npm  v3.10.10
48 error code E403
49 error "You cannot publish over the previously published version 0.1.0." : voxel-dummy-player
50 error If you need help, you may report this error at:
50 error     <https://github.com/npm/npm/issues>
51 verbose exit [ 1, true ]
